2020-05-03 15:53:35.469898 : Started Signal Trace.
2020-05-03 15:53:35.469898 : Serial port opened successfully. Port name = /dev/ttyUSB0
2020-05-03 15:53:36.481917 : New file opened successfully. File name = /home/pi/Desktop/Share/Data/2020_05/03/2020_05_03_15_53_36_ttyUSB0.csv
2020-05-03 15:53:36.484274 : Start command transmitted (1st try).
2020-05-03 15:53:36.484274 : Start command transmitted (2nd try).
2020-05-03 15:53:36.484274 : Start command echo back received.
2020-05-03 15:53:36.484274 : ROS Settings finished.
2020-05-03 15:53:40.940063 : 1 sampled previous 1 hour.  New file opened successfully. File name = /home/pi/Desktop/Share/Data/2020_05/03/2020_05_03_15_53_36.csv
2020-05-03 15:53:40.940063 : Sample number error. cur_num = 0, bef_num = 0
2020-05-03 15:53:40.940063 : 1 sampled previous 1 hour.  New file opened successfully. File name = /home/pi/Desktop/Share/Data/2020_05/03/2020_05_03_15_53_36.csv
2020-05-03 15:53:40.940063 : 1 sampled previous 1 hour.  New file opened successfully. File name = /home/pi/Desktop/Share/Data/2020_05/03/2020_05_03_15_53_36.csv
2020-05-03 15:53:50.947976 : 1 sampled previous 1 hour.  New file opened successfully. File name = /home/pi/Desktop/Share/Data/2020_05/03/2020_05_03_15_53_36.csv
2020-05-03 15:53:50.947976 : 1 sampled previous 1 hour.  New file opened successfully. File name = /home/pi/Desktop/Share/Data/2020_05/03/2020_05_03_15_53_37.csv
2020-05-03 15:53:50.947976 : 1 sampled previous 1 hour.  New file opened successfully. File name = /home/pi/Desktop/Share/Data/2020_05/03/2020_05_03_15_53_37.csv
2020-05-03 15:53:50.947976 : 1 sampled previous 1 hour.  New file opened successfully. File name = /home/pi/Desktop/Share/Data/2020_05/03/2020_05_03_15_53_37.csv
2020-05-03 15:53:50.947976 : 1 sampled previous 1 hour.  New file opened successfully. File name = /home/pi/Desktop/Share/Data/2020_05/03/2020_05_03_15_53_37.csv
2020-05-03 15:53:50.947976 : 1 sampled previous 1 hour.  New file opened successfully. File name = /home/pi/Desktop/Share/Data/2020_05/03/2020_05_03_15_53_37.csv
2020-05-03 15:53:50.947976 : 1 sampled previous 1 hour.  New file opened successfully. File name = /home/pi/Desktop/Share/Data/2020_05/03/2020_05_03_15_53_37.csv
2020-05-03 15:53:50.947976 : 1 sampled previous 1 hour.  New file opened successfully. File name = /home/pi/Desktop/Share/Data/2020_05/03/2020_05_03_15_53_37.csv
2020-05-03 15:53:50.947976 : 1 sampled previous 1 hour.  New file opened successfully. File name = /home/pi/Desktop/Share/Data/2020_05/03/2020_05_03_15_53_37.csv
2020-05-03 15:53:50.947976 : 1 sampled previous 1 hour.  New file opened successfully. File name = /home/pi/Desktop/Share/Data/2020_05/03/2020_05_03_15_53_37.csv
2020-05-03 15:54:00.950658 : 1 sampled previous 1 hour.  New file opened successfully. File name = /home/pi/Desktop/Share/Data/2020_05/03/2020_05_03_15_53_37.csv
2020-05-03 15:54:00.950658 : 1 sampled previous 1 hour.  New file opened successfully. File name = /home/pi/Desktop/Share/Data/2020_05/03/2020_05_03_15_53_38.csv
2020-05-03 15:54:00.950658 : 1 sampled previous 1 hour.  New file opened successfully. File name = /home/pi/Desktop/Share/Data/2020_05/03/2020_05_03_15_53_38.csv
2020-05-03 15:54:00.950658 : 1 sampled previous 1 hour.  New file opened successfully. File name = /home/pi/Desktop/Share/Data/2020_05/03/2020_05_03_15_53_38.csv
2020-05-03 15:54:00.950658 : 1 sampled previous 1 hour.  New file opened successfully. File name = /home/pi/Desktop/Share/Data/2020_05/03/2020_05_03_15_53_38.csv
2020-05-03 15:54:00.950658 : 1 sampled previous 1 hour.  New file opened successfully. File name = /home/pi/Desktop/Share/Data/2020_05/03/2020_05_03_15_53_38.csv
2020-05-03 15:54:00.950658 : 1 sampled previous 1 hour.  New file opened successfully. File name = /home/pi/Desktop/Share/Data/2020_05/03/2020_05_03_15_53_38.csv
2020-05-03 15:54:00.950658 : 1 sampled previous 1 hour.  New file opened successfully. File name = /home/pi/Desktop/Share/Data/2020_05/03/2020_05_03_15_53_38.csv
2020-05-03 15:54:00.950658 : 1 sampled previous 1 hour.  New file opened successfully. File name = /home/pi/Desktop/Share/Data/2020_05/03/2020_05_03_15_53_38.csv
2020-05-03 15:54:00.950658 : 1 sampled previous 1 hour.  New file opened successfully. File name = /home/pi/Desktop/Share/Data/2020_05/03/2020_05_03_15_53_38.csv
2020-05-03 15:54:10.950350 : 1 sampled previous 1 hour.  New file opened successfully. File name = /home/pi/Desktop/Share/Data/2020_05/03/2020_05_03_15_53_38.csv
2020-05-03 15:54:10.950350 : 1 sampled previous 1 hour.  New file opened successfully. File name = /home/pi/Desktop/Share/Data/2020_05/03/2020_05_03_15_53_39.csv
2020-05-03 15:54:10.950350 : 1 sampled previous 1 hour.  New file opened successfully. File name = /home/pi/Desktop/Share/Data/2020_05/03/2020_05_03_15_53_39.csv
2020-05-03 15:54:10.950350 : 1 sampled previous 1 hour.  New file opened successfully. File name = /home/pi/Desktop/Share/Data/2020_05/03/2020_05_03_15_53_39.csv
2020-05-03 15:54:10.950350 : 1 sampled previous 1 hour.  New file opened successfully. File name = /home/pi/Desktop/Share/Data/2020_05/03/2020_05_03_15_53_39.csv
2020-05-03 15:54:10.950350 : 1 sampled previous 1 hour.  New file opened successfully. File name = /home/pi/Desktop/Share/Data/2020_05/03/2020_05_03_15_53_39.csv
2020-05-03 15:54:10.950350 : 1 sampled previous 1 hour.  New file opened successfully. File name = /home/pi/Desktop/Share/Data/2020_05/03/2020_05_03_15_53_39.csv
2020-05-03 15:54:10.950350 : 1 sampled previous 1 hour.  New file opened successfully. File name = /home/pi/Desktop/Share/Data/2020_05/03/2020_05_03_15_53_39.csv
2020-05-03 15:54:10.950350 : 1 sampled previous 1 hour.  New file opened successfully. File name = /home/pi/Desktop/Share/Data/2020_05/03/2020_05_03_15_53_39.csv
2020-05-03 15:54:10.950350 : 1 sampled previous 1 hour.  New file opened successfully. File name = /home/pi/Desktop/Share/Data/2020_05/03/2020_05_03_15_53_39.csv
2020-05-03 15:54:20.950658 : 1 sampled previous 1 hour.  New file opened successfully. File name = /home/pi/Desktop/Share/Data/2020_05/03/2020_05_03_15_53_39.csv
2020-05-03 15:54:20.950658 : 1 sampled previous 1 hour.  New file opened successfully. File name = /home/pi/Desktop/Share/Data/2020_05/03/2020_05_03_15_53_40.csv
2020-05-03 15:54:20.950658 : 1 sampled previous 1 hour.  New file opened successfully. File name = /home/pi/Desktop/Share/Data/2020_05/03/2020_05_03_15_53_40.csv
2020-05-03 15:54:20.950658 : 1 sampled previous 1 hour.  New file opened successfully. File name = /home/pi/Desktop/Share/Data/2020_05/03/2020_05_03_15_53_40.csv
2020-05-03 15:54:20.950658 : 1 sampled previous 1 hour.  New file opened successfully. File name = /home/pi/Desktop/Share/Data/2020_05/03/2020_05_03_15_53_40.csv
2020-05-03 15:54:20.950658 : 1 sampled previous 1 hour.  New file opened successfully. File name = /home/pi/Desktop/Share/Data/2020_05/03/2020_05_03_15_53_40.csv
2020-05-03 15:54:20.950658 : 1 sampled previous 1 hour.  New file opened successfully. File name = /home/pi/Desktop/Share/Data/2020_05/03/2020_05_03_15_53_40.csv
2020-05-03 15:54:20.950658 : 1 sampled previous 1 hour.  New file opened successfully. File name = /home/pi/Desktop/Share/Data/2020_05/03/2020_05_03_15_53_40.csv
2020-05-03 15:54:20.950658 : 1 sampled previous 1 hour.  New file opened successfully. File name = /home/pi/Desktop/Share/Data/2020_05/03/2020_05_03_15_53_40.csv
2020-05-03 15:54:20.950658 : 1 sampled previous 1 hour.  New file opened successfully. File name = /home/pi/Desktop/Share/Data/2020_05/03/2020_05_03_15_53_40.csv
2020-05-03 15:54:30.950608 : 1 sampled previous 1 hour.  New file opened successfully. File name = /home/pi/Desktop/Share/Data/2020_05/03/2020_05_03_15_53_40.csv
2020-05-03 15:54:30.950608 : 1 sampled previous 1 hour.  New file opened successfully. File name = /home/pi/Desktop/Share/Data/2020_05/03/2020_05_03_15_53_41.csv
2020-05-03 15:54:30.950608 : 1 sampled previous 1 hour.  New file opened successfully. File name = /home/pi/Desktop/Share/Data/2020_05/03/2020_05_03_15_53_41.csv
2020-05-03 15:54:30.950608 : 1 sampled previous 1 hour.  New file opened successfully. File name = /home/pi/Desktop/Share/Data/2020_05/03/2020_05_03_15_53_41.csv
2020-05-03 15:54:30.950608 : 1 sampled previous 1 hour.  New file opened successfully. File name = /home/pi/Desktop/Share/Data/2020_05/03/2020_05_03_15_53_41.csv
2020-05-03 15:54:30.950608 : 1 sampled previous 1 hour.  New file opened successfully. File name = /home/pi/Desktop/Share/Data/2020_05/03/2020_05_03_15_53_41.csv
2020-05-03 15:54:30.950608 : 1 sampled previous 1 hour.  New file opened successfully. File name = /home/pi/Desktop/Share/Data/2020_05/03/2020_05_03_15_53_41.csv
2020-05-03 15:54:30.950608 : 1 sampled previous 1 hour.  New file opened successfully. File name = /home/pi/Desktop/Share/Data/2020_05/03/2020_05_03_15_53_41.csv
2020-05-03 15:54:30.950608 : 1 sampled previous 1 hour.  New file opened successfully. File name = /home/pi/Desktop/Share/Data/2020_05/03/2020_05_03_15_53_41.csv
2020-05-03 15:54:30.950608 : 1 sampled previous 1 hour.  New file opened successfully. File name = /home/pi/Desktop/Share/Data/2020_05/03/2020_05_03_15_53_41.csv
2020-05-03 15:54:40.948045 : 1 sampled previous 1 hour.  New file opened successfully. File name = /home/pi/Desktop/Share/Data/2020_05/03/2020_05_03_15_53_41.csv
2020-05-03 15:54:40.948045 : 1 sampled previous 1 hour.  New file opened successfully. File name = /home/pi/Desktop/Share/Data/2020_05/03/2020_05_03_15_53_42.csv
2020-05-03 15:54:40.948045 : 1 sampled previous 1 hour.  New file opened successfully. File name = /home/pi/Desktop/Share/Data/2020_05/03/2020_05_03_15_53_42.csv
2020-05-03 15:54:40.948045 : 1 sampled previous 1 hour.  New file opened successfully. File name = /home/pi/Desktop/Share/Data/2020_05/03/2020_05_03_15_53_42.csv
2020-05-03 15:54:40.948045 : 1 sampled previous 1 hour.  New file opened successfully. File name = /home/pi/Desktop/Share/Data/2020_05/03/2020_05_03_15_53_42.csv
2020-05-03 15:54:40.948045 : 1 sampled previous 1 hour.  New file opened successfully. File name = /home/pi/Desktop/Share/Data/2020_05/03/2020_05_03_15_53_42.csv
2020-05-03 15:54:40.948045 : 1 sampled previous 1 hour.  New file opened successfully. File name = /home/pi/Desktop/Share/Data/2020_05/03/2020_05_03_15_53_42.csv
2020-05-03 15:54:40.948045 : 1 sampled previous 1 hour.  New file opened successfully. File name = /home/pi/Desktop/Share/Data/2020_05/03/2020_05_03_15_53_42.csv
2020-05-03 15:54:40.948045 : 1 sampled previous 1 hour.  New file opened successfully. File name = /home/pi/Desktop/Share/Data/2020_05/03/2020_05_03_15_53_42.csv
2020-05-03 15:54:40.948045 : 1 sampled previous 1 hour.  New file opened successfully. File name = /home/pi/Desktop/Share/Data/2020_05/03/2020_05_03_15_53_42.csv
2020-05-03 15:54:50.950271 : 1 sampled previous 1 hour.  New file opened successfully. File name = /home/pi/Desktop/Share/Data/2020_05/03/2020_05_03_15_53_42.csv
2020-05-03 15:54:50.950271 : 1 sampled previous 1 hour.  New file opened successfully. File name = /home/pi/Desktop/Share/Data/2020_05/03/2020_05_03_15_53_43.csv
2020-05-03 15:54:50.950271 : 1 sampled previous 1 hour.  New file opened successfully. File name = /home/pi/Desktop/Share/Data/2020_05/03/2020_05_03_15_53_43.csv
2020-05-03 15:54:50.950271 : 1 sampled previous 1 hour.  New file opened successfully. File name = /home/pi/Desktop/Share/Data/2020_05/03/2020_05_03_15_53_43.csv
2020-05-03 15:54:50.950271 : 1 sampled previous 1 hour.  New file opened successfully. File name = /home/pi/Desktop/Share/Data/2020_05/03/2020_05_03_15_53_43.csv
2020-05-03 15:54:50.950271 : 1 sampled previous 1 hour.  New file opened successfully. File name = /home/pi/Desktop/Share/Data/2020_05/03/2020_05_03_15_53_43.csv
2020-05-03 15:54:50.950271 : 1 sampled previous 1 hour.  New file opened successfully. File name = /home/pi/Desktop/Share/Data/2020_05/03/2020_05_03_15_53_43.csv
2020-05-03 15:54:50.950271 : 1 sampled previous 1 hour.  New file opened successfully. File name = /home/pi/Desktop/Share/Data/2020_05/03/2020_05_03_15_53_43.csv
2020-05-03 15:54:50.950271 : 1 sampled previous 1 hour.  New file opened successfully. File name = /home/pi/Desktop/Share/Data/2020_05/03/2020_05_03_15_53_43.csv
2020-05-03 15:54:50.950271 : 1 sampled previous 1 hour.  New file opened successfully. File name = /home/pi/Desktop/Share/Data/2020_05/03/2020_05_03_15_53_43.csv
2020-05-03 15:55:00.944897 : 1 sampled previous 1 hour.  New file opened successfully. File name = /home/pi/Desktop/Share/Data/2020_05/03/2020_05_03_15_53_43.csv
2020-05-03 15:55:00.944897 : 1 sampled previous 1 hour.  New file opened successfully. File name = /home/pi/Desktop/Share/Data/2020_05/03/2020_05_03_15_53_44.csv
2020-05-03 15:55:00.944897 : 1 sampled previous 1 hour.  New file opened successfully. File name = /home/pi/Desktop/Share/Data/2020_05/03/2020_05_03_15_53_44.csv
2020-05-03 15:55:00.944897 : 1 sampled previous 1 hour.  New file opened successfully. File name = /home/pi/Desktop/Share/Data/2020_05/03/2020_05_03_15_53_44.csv
2020-05-03 15:55:00.944897 : 1 sampled previous 1 hour.  New file opened successfully. File name = /home/pi/Desktop/Share/Data/2020_05/03/2020_05_03_15_53_44.csv
2020-05-03 15:55:00.944897 : 1 sampled previous 1 hour.  New file opened successfully. File name = /home/pi/Desktop/Share/Data/2020_05/03/2020_05_03_15_53_44.csv
2020-05-03 15:55:00.944897 : 1 sampled previous 1 hour.  New file opened successfully. File name = /home/pi/Desktop/Share/Data/2020_05/03/2020_05_03_15_53_44.csv
2020-05-03 15:55:00.944897 : 1 sampled previous 1 hour.  New file opened successfully. File name = /home/pi/Desktop/Share/Data/2020_05/03/2020_05_03_15_53_44.csv
2020-05-03 15:55:00.944897 : 1 sampled previous 1 hour.  New file opened successfully. File name = /home/pi/Desktop/Share/Data/2020_05/03/2020_05_03_15_53_44.csv
2020-05-03 15:55:00.944897 : 1 sampled previous 1 hour.  New file opened successfully. File name = /home/pi/Desktop/Share/Data/2020_05/03/2020_05_03_15_53_44.csv
2020-05-03 15:55:04.862333 : Received signal 2. End this process/
